oct 28, 2015 6:21:28 PM org.apache.catalina.core.ApplicationContext log
INFORMACIÓN: ContextListener: contextInitialized()
oct 28, 2015 6:21:28 PM org.apache.catalina.core.ApplicationContext log
INFORMACIÓN: SessionListener: contextInitialized()
oct 28, 2015 6:21:28 PM org.apache.catalina.core.ApplicationContext log
INFORMACIÓN: ContextListener: attributeAdded('org.apache.jasper.compiler.TldLocationsCache', 'org.apache.jasper.compiler.TldLocationsCache@183a260b')
oct 28, 2015 6:21:28 PM org.apache.catalina.core.ApplicationContext log
INFORMACIÓN: SessionListener: contextDestroyed()
oct 28, 2015 6:21:28 PM org.apache.catalina.core.ApplicationContext log
INFORMACIÓN: ContextListener: contextDestroyed()
oct 28, 2015 6:24:13 PM org.apache.catalina.core.ApplicationContext log
INFORMACIÓN: No Spring WebApplicationInitializer types detected on classpath
oct 28, 2015 6:24:13 PM org.apache.catalina.core.ApplicationContext log
INFORMACIÓN: Initializing Spring root WebApplicationContext
oct 28, 2015 6:24:25 PM org.apache.catalina.core.ApplicationContext log
INFORMACIÓN: No Spring WebApplicationInitializer types detected on classpath
oct 28, 2015 6:24:25 PM org.apache.catalina.core.ApplicationContext log
INFORMACIÓN: Initializing Spring root WebApplicationContext
oct 28, 2015 6:24:31 PM org.apache.catalina.core.ApplicationContext log
INFORMACIÓN: ContextListener: contextInitialized()
oct 28, 2015 6:24:31 PM org.apache.catalina.core.ApplicationContext log
INFORMACIÓN: SessionListener: contextInitialized()
oct 28, 2015 6:24:31 PM org.apache.catalina.core.ApplicationContext log
INFORMACIÓN: ContextListener: attributeAdded('org.apache.jasper.compiler.TldLocationsCache', 'org.apache.jasper.compiler.TldLocationsCache@1cd9990')
oct 28, 2015 6:25:08 PM org.apache.catalina.core.ApplicationContext log
INFORMACIÓN: Initializing Spring FrameworkServlet 'dispatcher'
oct 28, 2015 6:25:09 PM org.apache.catalina.core.StandardWrapperValve invoke
GRAVE: El Servlet.service() para el servlet [dispatcher] en el contexto con ruta [/55-springwebapp] lanzó la excepción [Request processing failed; nested exception is org.springframework.transaction.CannotCreateTransactionException: Could not open Hibernate Session for transaction; nested exception is org.hibernate.exception.GenericJDBCException: Could not open connection] con causa raíz
java.sql.SQLException: No suitable driver
	at java.sql.DriverManager.getDriver(DriverManager.java:315)
	at org.apache.tomcat.dbcp.dbcp.BasicDataSource.createConnectionFactory(BasicDataSource.java:1437)
	at org.apache.tomcat.dbcp.dbcp.BasicDataSource.createDataSource(BasicDataSource.java:1371)
	at org.apache.tomcat.dbcp.dbcp.BasicDataSource.getConnection(BasicDataSource.java:1044)
	at org.hibernate.engine.jdbc.connections.internal.DatasourceConnectionProviderImpl.getConnection(DatasourceConnectionProviderImpl.java:139)
	at org.hibernate.internal.AbstractSessionImpl$NonContextualJdbcConnectionAccess.obtainConnection(AbstractSessionImpl.java:380)
	at org.hibernate.engine.jdbc.internal.LogicalConnectionImpl.obtainConnection(LogicalConnectionImpl.java:228)
	at org.hibernate.engine.jdbc.internal.LogicalConnectionImpl.getConnection(LogicalConnectionImpl.java:171)
	at org.hibernate.internal.SessionImpl.connection(SessionImpl.java:450)
	at org.springframework.orm.hibernate4.HibernateTransactionManager.doBegin(HibernateTransactionManager.java:429)
	at org.springframework.transaction.support.AbstractPlatformTransactionManager.getTransaction(AbstractPlatformTransactionManager.java:373)
	at org.springframework.transaction.interceptor.TransactionAspectSupport.createTransactionIfNecessary(TransactionAspectSupport.java:420)
	at org.springframework.transaction.interceptor.TransactionAspectSupport.invokeWithinTransaction(TransactionAspectSupport.java:257)
	at org.springframework.transaction.interceptor.TransactionInterceptor.invoke(TransactionInterceptor.java:95)
	at org.springframework.aop.framework.ReflectiveMethodInvocation.proceed(ReflectiveMethodInvocation.java:179)
	at org.springframework.aop.framework.JdkDynamicAopProxy.invoke(JdkDynamicAopProxy.java:207)
	at com.sun.proxy.$Proxy26.findAll(Unknown Source)
	at com.bobSeller.core.registro.service.MapeoHookService.findAll(MapeoHookService.java:18)
	at com.bobSeller.core.registro.controller.HookControllerImpl.FuncionesHook(HookControllerImpl.java:34)
	at com.bobSeller.core.registro.controller.IndexController.showIndex(IndexController.java:16)
	at sun.reflect.NativeMethodAccessorImpl.invoke0(Native Method)
	at sun.reflect.NativeMethodAccessorImpl.invoke(NativeMethodAccessorImpl.java:62)
	at sun.reflect.DelegatingMethodAccessorImpl.invoke(DelegatingMethodAccessorImpl.java:43)
	at java.lang.reflect.Method.invoke(Method.java:497)
	at org.springframework.web.method.support.InvocableHandlerMethod.doInvoke(InvocableHandlerMethod.java:221)
	at org.springframework.web.method.support.InvocableHandlerMethod.invokeForRequest(InvocableHandlerMethod.java:137)
	at org.springframework.web.servlet.mvc.method.annotation.ServletInvocableHandlerMethod.invokeAndHandle(ServletInvocableHandlerMethod.java:104)
	at org.springframework.web.servlet.mvc.method.annotation.RequestMappingHandlerAdapter.invokeHandleMethod(RequestMappingHandlerAdapter.java:749)
	at org.springframework.web.servlet.mvc.method.annotation.RequestMappingHandlerAdapter.handleInternal(RequestMappingHandlerAdapter.java:689)
	at org.springframework.web.servlet.mvc.method.AbstractHandlerMethodAdapter.handle(AbstractHandlerMethodAdapter.java:83)
	at org.springframework.web.servlet.DispatcherServlet.doDispatch(DispatcherServlet.java:938)
	at org.springframework.web.servlet.DispatcherServlet.doService(DispatcherServlet.java:870)
	at org.springframework.web.servlet.FrameworkServlet.processRequest(FrameworkServlet.java:961)
	at org.springframework.web.servlet.FrameworkServlet.doGet(FrameworkServlet.java:852)
	at javax.servlet.http.HttpServlet.service(HttpServlet.java:624)
	at org.springframework.web.servlet.FrameworkServlet.service(FrameworkServlet.java:837)
	at javax.servlet.http.HttpServlet.service(HttpServlet.java:731)
	at org.apache.catalina.core.ApplicationFilterChain.internalDoFilter(ApplicationFilterChain.java:303)
	at org.apache.catalina.core.ApplicationFilterChain.doFilter(ApplicationFilterChain.java:208)
	at org.apache.tomcat.websocket.server.WsFilter.doFilter(WsFilter.java:52)
	at org.apache.catalina.core.ApplicationFilterChain.internalDoFilter(ApplicationFilterChain.java:241)
	at org.apache.catalina.core.ApplicationFilterChain.doFilter(ApplicationFilterChain.java:208)
	at org.springframework.security.web.FilterChainProxy$VirtualFilterChain.doFilter(FilterChainProxy.java:330)
	at org.springframework.security.web.access.intercept.FilterSecurityInterceptor.invoke(FilterSecurityInterceptor.java:118)
	at org.springframework.security.web.access.intercept.FilterSecurityInterceptor.doFilter(FilterSecurityInterceptor.java:84)
	at org.springframework.security.web.FilterChainProxy$VirtualFilterChain.doFilter(FilterChainProxy.java:342)
	at org.springframework.security.web.access.ExceptionTranslationFilter.doFilter(ExceptionTranslationFilter.java:113)
	at org.springframework.security.web.FilterChainProxy$VirtualFilterChain.doFilter(FilterChainProxy.java:342)
	at org.springframework.security.web.session.SessionManagementFilter.doFilter(SessionManagementFilter.java:103)
	at org.springframework.security.web.FilterChainProxy$VirtualFilterChain.doFilter(FilterChainProxy.java:342)
	at org.springframework.security.web.authentication.AnonymousAuthenticationFilter.doFilter(AnonymousAuthenticationFilter.java:113)
	at org.springframework.security.web.FilterChainProxy$VirtualFilterChain.doFilter(FilterChainProxy.java:342)
	at org.springframework.security.web.servletapi.SecurityContextHolderAwareRequestFilter.doFilter(SecurityContextHolderAwareRequestFilter.java:154)
	at org.springframework.security.web.FilterChainProxy$VirtualFilterChain.doFilter(FilterChainProxy.java:342)
	at org.springframework.security.web.savedrequest.RequestCacheAwareFilter.doFilter(RequestCacheAwareFilter.java:45)
	at org.springframework.security.web.FilterChainProxy$VirtualFilterChain.doFilter(FilterChainProxy.java:342)
	at org.springframework.security.web.authentication.AbstractAuthenticationProcessingFilter.doFilter(AbstractAuthenticationProcessingFilter.java:199)
	at org.springframework.security.web.FilterChainProxy$VirtualFilterChain.doFilter(FilterChainProxy.java:342)
	at org.springframework.security.web.authentication.logout.LogoutFilter.doFilter(LogoutFilter.java:110)
	at org.springframework.security.web.FilterChainProxy$VirtualFilterChain.doFilter(FilterChainProxy.java:342)
	at org.springframework.security.web.context.request.async.WebAsyncManagerIntegrationFilter.doFilterInternal(WebAsyncManagerIntegrationFilter.java:50)
	at org.springframework.web.filter.OncePerRequestFilter.doFilter(OncePerRequestFilter.java:107)
	at org.springframework.security.web.FilterChainProxy$VirtualFilterChain.doFilter(FilterChainProxy.java:342)
	at org.springframework.security.web.context.SecurityContextPersistenceFilter.doFilter(SecurityContextPersistenceFilter.java:87)
	at org.springframework.security.web.FilterChainProxy$VirtualFilterChain.doFilter(FilterChainProxy.java:342)
	at org.springframework.security.web.FilterChainProxy.doFilterInternal(FilterChainProxy.java:192)
	at org.springframework.security.web.FilterChainProxy.doFilter(FilterChainProxy.java:160)
	at org.springframework.web.filter.DelegatingFilterProxy.invokeDelegate(DelegatingFilterProxy.java:346)
	at org.springframework.web.filter.DelegatingFilterProxy.doFilter(DelegatingFilterProxy.java:262)
	at org.apache.catalina.core.ApplicationFilterChain.internalDoFilter(ApplicationFilterChain.java:241)
	at org.apache.catalina.core.ApplicationFilterChain.doFilter(ApplicationFilterChain.java:208)
	at org.apache.catalina.core.StandardWrapperValve.invoke(StandardWrapperValve.java:220)
	at org.apache.catalina.core.StandardContextValve.invoke(StandardContextValve.java:122)
	at org.apache.catalina.authenticator.AuthenticatorBase.invoke(AuthenticatorBase.java:505)
	at org.apache.catalina.core.StandardHostValve.invoke(StandardHostValve.java:170)
	at org.apache.catalina.valves.ErrorReportValve.invoke(ErrorReportValve.java:103)
	at org.apache.catalina.valves.AccessLogValve.invoke(AccessLogValve.java:956)
	at org.apache.catalina.core.StandardEngineValve.invoke(StandardEngineValve.java:116)
	at org.apache.catalina.connector.CoyoteAdapter.service(CoyoteAdapter.java:423)
	at org.apache.coyote.http11.AbstractHttp11Processor.process(AbstractHttp11Processor.java:1079)
	at org.apache.coyote.AbstractProtocol$AbstractConnectionHandler.process(AbstractProtocol.java:625)
	at org.apache.tomcat.util.net.JIoEndpoint$SocketProcessor.run(JIoEndpoint.java:318)
	at java.util.concurrent.ThreadPoolExecutor.runWorker(ThreadPoolExecutor.java:1142)
	at java.util.concurrent.ThreadPoolExecutor$Worker.run(ThreadPoolExecutor.java:617)
	at org.apache.tomcat.util.threads.TaskThread$WrappingRunnable.run(TaskThread.java:61)
	at java.lang.Thread.run(Thread.java:745)

oct 28, 2015 6:27:22 PM org.apache.catalina.core.ApplicationContext log
INFORMACIÓN: Destroying Spring FrameworkServlet 'dispatcher'
oct 28, 2015 6:27:22 PM org.apache.catalina.core.ApplicationContext log
INFORMACIÓN: Closing Spring root WebApplicationContext
oct 28, 2015 6:27:22 PM org.apache.catalina.core.StandardContext listenerStop
GRAVE: Excepción enviando evento de contexto destruído a instancia de escuchador de clase org.springframework.web.context.ContextLoaderListener
java.lang.NoClassDefFoundError: org/springframework/web/context/ContextCleanupListener
	at org.springframework.web.context.ContextLoaderListener.contextDestroyed(ContextLoaderListener.java:117)
	at org.apache.catalina.core.StandardContext.listenerStop(StandardContext.java:5050)
	at org.apache.catalina.core.StandardContext.stopInternal(StandardContext.java:5712)
	at org.apache.catalina.util.LifecycleBase.stop(LifecycleBase.java:232)
	at org.apache.catalina.core.ContainerBase.removeChild(ContainerBase.java:1027)
	at org.apache.catalina.startup.HostConfig.undeploy(HostConfig.java:1547)
	at org.apache.catalina.startup.HostConfig.checkResources(HostConfig.java:1474)
	at org.apache.catalina.startup.HostConfig.check(HostConfig.java:1695)
	at org.apache.catalina.startup.HostConfig.lifecycleEvent(HostConfig.java:333)
	at org.apache.catalina.util.LifecycleSupport.fireLifecycleEvent(LifecycleSupport.java:117)
	at org.apache.catalina.util.LifecycleBase.fireLifecycleEvent(LifecycleBase.java:90)
	at org.apache.catalina.core.ContainerBase.backgroundProcess(ContainerBase.java:1373)
	at org.apache.catalina.core.ContainerBase$ContainerBackgroundProcessor.processChildren(ContainerBase.java:1545)
	at org.apache.catalina.core.ContainerBase$ContainerBackgroundProcessor.processChildren(ContainerBase.java:1555)
	at org.apache.catalina.core.ContainerBase$ContainerBackgroundProcessor.run(ContainerBase.java:1523)
	at java.lang.Thread.run(Thread.java:745)
Caused by: java.lang.ClassNotFoundException: org.springframework.web.context.ContextCleanupListener
	at org.apache.catalina.loader.WebappClassLoader.loadClass(WebappClassLoader.java:1858)
	at org.apache.catalina.loader.WebappClassLoader.loadClass(WebappClassLoader.java:1709)
	... 16 more

oct 28, 2015 6:27:23 PM org.apache.catalina.core.ApplicationContext log
INFORMACIÓN: No Spring WebApplicationInitializer types detected on classpath
oct 28, 2015 6:27:23 PM org.apache.catalina.core.ApplicationContext log
INFORMACIÓN: Initializing Spring root WebApplicationContext
oct 28, 2015 6:27:40 PM org.apache.catalina.core.ApplicationContext log
INFORMACIÓN: Initializing Spring FrameworkServlet 'dispatcher'
oct 28, 2015 6:27:41 PM org.apache.catalina.core.StandardWrapperValve invoke
GRAVE: El Servlet.service() para el servlet [dispatcher] en el contexto con ruta [/55-springwebapp] lanzó la excepción [Request processing failed; nested exception is org.springframework.transaction.CannotCreateTransactionException: Could not open Hibernate Session for transaction; nested exception is org.hibernate.exception.GenericJDBCException: Could not open connection] con causa raíz
java.sql.SQLException: No suitable driver
	at java.sql.DriverManager.getDriver(DriverManager.java:315)
	at org.apache.tomcat.dbcp.dbcp.BasicDataSource.createConnectionFactory(BasicDataSource.java:1437)
	at org.apache.tomcat.dbcp.dbcp.BasicDataSource.createDataSource(BasicDataSource.java:1371)
	at org.apache.tomcat.dbcp.dbcp.BasicDataSource.getConnection(BasicDataSource.java:1044)
	at org.hibernate.engine.jdbc.connections.internal.DatasourceConnectionProviderImpl.getConnection(DatasourceConnectionProviderImpl.java:139)
	at org.hibernate.internal.AbstractSessionImpl$NonContextualJdbcConnectionAccess.obtainConnection(AbstractSessionImpl.java:380)
	at org.hibernate.engine.jdbc.internal.LogicalConnectionImpl.obtainConnection(LogicalConnectionImpl.java:228)
	at org.hibernate.engine.jdbc.internal.LogicalConnectionImpl.getConnection(LogicalConnectionImpl.java:171)
	at org.hibernate.internal.SessionImpl.connection(SessionImpl.java:450)
	at org.springframework.orm.hibernate4.HibernateTransactionManager.doBegin(HibernateTransactionManager.java:429)
	at org.springframework.transaction.support.AbstractPlatformTransactionManager.getTransaction(AbstractPlatformTransactionManager.java:373)
	at org.springframework.transaction.interceptor.TransactionAspectSupport.createTransactionIfNecessary(TransactionAspectSupport.java:420)
	at org.springframework.transaction.interceptor.TransactionAspectSupport.invokeWithinTransaction(TransactionAspectSupport.java:257)
	at org.springframework.transaction.interceptor.TransactionInterceptor.invoke(TransactionInterceptor.java:95)
	at org.springframework.aop.framework.ReflectiveMethodInvocation.proceed(ReflectiveMethodInvocation.java:179)
	at org.springframework.aop.framework.JdkDynamicAopProxy.invoke(JdkDynamicAopProxy.java:207)
	at com.sun.proxy.$Proxy63.findAll(Unknown Source)
	at com.bobSeller.core.registro.service.MapeoHookService.findAll(MapeoHookService.java:18)
	at com.bobSeller.core.registro.controller.HookControllerImpl.FuncionesHook(HookControllerImpl.java:34)
	at com.bobSeller.core.registro.controller.IndexController.showIndex(IndexController.java:16)
	at sun.reflect.NativeMethodAccessorImpl.invoke0(Native Method)
	at sun.reflect.NativeMethodAccessorImpl.invoke(NativeMethodAccessorImpl.java:62)
	at sun.reflect.DelegatingMethodAccessorImpl.invoke(DelegatingMethodAccessorImpl.java:43)
	at java.lang.reflect.Method.invoke(Method.java:497)
	at org.springframework.web.method.support.InvocableHandlerMethod.doInvoke(InvocableHandlerMethod.java:221)
	at org.springframework.web.method.support.InvocableHandlerMethod.invokeForRequest(InvocableHandlerMethod.java:137)
	at org.springframework.web.servlet.mvc.method.annotation.ServletInvocableHandlerMethod.invokeAndHandle(ServletInvocableHandlerMethod.java:104)
	at org.springframework.web.servlet.mvc.method.annotation.RequestMappingHandlerAdapter.invokeHandleMethod(RequestMappingHandlerAdapter.java:749)
	at org.springframework.web.servlet.mvc.method.annotation.RequestMappingHandlerAdapter.handleInternal(RequestMappingHandlerAdapter.java:689)
	at org.springframework.web.servlet.mvc.method.AbstractHandlerMethodAdapter.handle(AbstractHandlerMethodAdapter.java:83)
	at org.springframework.web.servlet.DispatcherServlet.doDispatch(DispatcherServlet.java:938)
	at org.springframework.web.servlet.DispatcherServlet.doService(DispatcherServlet.java:870)
	at org.springframework.web.servlet.FrameworkServlet.processRequest(FrameworkServlet.java:961)
	at org.springframework.web.servlet.FrameworkServlet.doGet(FrameworkServlet.java:852)
	at javax.servlet.http.HttpServlet.service(HttpServlet.java:624)
	at org.springframework.web.servlet.FrameworkServlet.service(FrameworkServlet.java:837)
	at javax.servlet.http.HttpServlet.service(HttpServlet.java:731)
	at org.apache.catalina.core.ApplicationFilterChain.internalDoFilter(ApplicationFilterChain.java:303)
	at org.apache.catalina.core.ApplicationFilterChain.doFilter(ApplicationFilterChain.java:208)
	at org.apache.tomcat.websocket.server.WsFilter.doFilter(WsFilter.java:52)
	at org.apache.catalina.core.ApplicationFilterChain.internalDoFilter(ApplicationFilterChain.java:241)
	at org.apache.catalina.core.ApplicationFilterChain.doFilter(ApplicationFilterChain.java:208)
	at org.springframework.security.web.FilterChainProxy$VirtualFilterChain.doFilter(FilterChainProxy.java:330)
	at org.springframework.security.web.access.intercept.FilterSecurityInterceptor.invoke(FilterSecurityInterceptor.java:118)
	at org.springframework.security.web.access.intercept.FilterSecurityInterceptor.doFilter(FilterSecurityInterceptor.java:84)
	at org.springframework.security.web.FilterChainProxy$VirtualFilterChain.doFilter(FilterChainProxy.java:342)
	at org.springframework.security.web.access.ExceptionTranslationFilter.doFilter(ExceptionTranslationFilter.java:113)
	at org.springframework.security.web.FilterChainProxy$VirtualFilterChain.doFilter(FilterChainProxy.java:342)
	at org.springframework.security.web.session.SessionManagementFilter.doFilter(SessionManagementFilter.java:103)
	at org.springframework.security.web.FilterChainProxy$VirtualFilterChain.doFilter(FilterChainProxy.java:342)
	at org.springframework.security.web.authentication.AnonymousAuthenticationFilter.doFilter(AnonymousAuthenticationFilter.java:113)
	at org.springframework.security.web.FilterChainProxy$VirtualFilterChain.doFilter(FilterChainProxy.java:342)
	at org.springframework.security.web.servletapi.SecurityContextHolderAwareRequestFilter.doFilter(SecurityContextHolderAwareRequestFilter.java:154)
	at org.springframework.security.web.FilterChainProxy$VirtualFilterChain.doFilter(FilterChainProxy.java:342)
	at org.springframework.security.web.savedrequest.RequestCacheAwareFilter.doFilter(RequestCacheAwareFilter.java:45)
	at org.springframework.security.web.FilterChainProxy$VirtualFilterChain.doFilter(FilterChainProxy.java:342)
	at org.springframework.security.web.authentication.AbstractAuthenticationProcessingFilter.doFilter(AbstractAuthenticationProcessingFilter.java:199)
	at org.springframework.security.web.FilterChainProxy$VirtualFilterChain.doFilter(FilterChainProxy.java:342)
	at org.springframework.security.web.authentication.logout.LogoutFilter.doFilter(LogoutFilter.java:110)
	at org.springframework.security.web.FilterChainProxy$VirtualFilterChain.doFilter(FilterChainProxy.java:342)
	at org.springframework.security.web.context.request.async.WebAsyncManagerIntegrationFilter.doFilterInternal(WebAsyncManagerIntegrationFilter.java:50)
	at org.springframework.web.filter.OncePerRequestFilter.doFilter(OncePerRequestFilter.java:107)
	at org.springframework.security.web.FilterChainProxy$VirtualFilterChain.doFilter(FilterChainProxy.java:342)
	at org.springframework.security.web.context.SecurityContextPersistenceFilter.doFilter(SecurityContextPersistenceFilter.java:87)
	at org.springframework.security.web.FilterChainProxy$VirtualFilterChain.doFilter(FilterChainProxy.java:342)
	at org.springframework.security.web.FilterChainProxy.doFilterInternal(FilterChainProxy.java:192)
	at org.springframework.security.web.FilterChainProxy.doFilter(FilterChainProxy.java:160)
	at org.springframework.web.filter.DelegatingFilterProxy.invokeDelegate(DelegatingFilterProxy.java:346)
	at org.springframework.web.filter.DelegatingFilterProxy.doFilter(DelegatingFilterProxy.java:262)
	at org.apache.catalina.core.ApplicationFilterChain.internalDoFilter(ApplicationFilterChain.java:241)
	at org.apache.catalina.core.ApplicationFilterChain.doFilter(ApplicationFilterChain.java:208)
	at org.apache.catalina.core.StandardWrapperValve.invoke(StandardWrapperValve.java:220)
	at org.apache.catalina.core.StandardContextValve.invoke(StandardContextValve.java:122)
	at org.apache.catalina.authenticator.AuthenticatorBase.invoke(AuthenticatorBase.java:505)
	at org.apache.catalina.core.StandardHostValve.invoke(StandardHostValve.java:170)
	at org.apache.catalina.valves.ErrorReportValve.invoke(ErrorReportValve.java:103)
	at org.apache.catalina.valves.AccessLogValve.invoke(AccessLogValve.java:956)
	at org.apache.catalina.core.StandardEngineValve.invoke(StandardEngineValve.java:116)
	at org.apache.catalina.connector.CoyoteAdapter.service(CoyoteAdapter.java:423)
	at org.apache.coyote.http11.AbstractHttp11Processor.process(AbstractHttp11Processor.java:1079)
	at org.apache.coyote.AbstractProtocol$AbstractConnectionHandler.process(AbstractProtocol.java:625)
	at org.apache.tomcat.util.net.JIoEndpoint$SocketProcessor.run(JIoEndpoint.java:316)
	at java.util.concurrent.ThreadPoolExecutor.runWorker(ThreadPoolExecutor.java:1142)
	at java.util.concurrent.ThreadPoolExecutor$Worker.run(ThreadPoolExecutor.java:617)
	at org.apache.tomcat.util.threads.TaskThread$WrappingRunnable.run(TaskThread.java:61)
	at java.lang.Thread.run(Thread.java:745)

oct 28, 2015 6:27:42 PM org.apache.catalina.core.StandardWrapperValve invoke
GRAVE: El Servlet.service() para el servlet [dispatcher] en el contexto con ruta [/55-springwebapp] lanzó la excepción [Request processing failed; nested exception is org.springframework.transaction.CannotCreateTransactionException: Could not open Hibernate Session for transaction; nested exception is org.hibernate.exception.GenericJDBCException: Could not open connection] con causa raíz
java.sql.SQLException: No suitable driver
	at java.sql.DriverManager.getDriver(DriverManager.java:315)
	at org.apache.tomcat.dbcp.dbcp.BasicDataSource.createConnectionFactory(BasicDataSource.java:1437)
	at org.apache.tomcat.dbcp.dbcp.BasicDataSource.createDataSource(BasicDataSource.java:1371)
	at org.apache.tomcat.dbcp.dbcp.BasicDataSource.getConnection(BasicDataSource.java:1044)
	at org.hibernate.engine.jdbc.connections.internal.DatasourceConnectionProviderImpl.getConnection(DatasourceConnectionProviderImpl.java:139)
	at org.hibernate.internal.AbstractSessionImpl$NonContextualJdbcConnectionAccess.obtainConnection(AbstractSessionImpl.java:380)
	at org.hibernate.engine.jdbc.internal.LogicalConnectionImpl.obtainConnection(LogicalConnectionImpl.java:228)
	at org.hibernate.engine.jdbc.internal.LogicalConnectionImpl.getConnection(LogicalConnectionImpl.java:171)
	at org.hibernate.internal.SessionImpl.connection(SessionImpl.java:450)
	at org.springframework.orm.hibernate4.HibernateTransactionManager.doBegin(HibernateTransactionManager.java:429)
	at org.springframework.transaction.support.AbstractPlatformTransactionManager.getTransaction(AbstractPlatformTransactionManager.java:373)
	at org.springframework.transaction.interceptor.TransactionAspectSupport.createTransactionIfNecessary(TransactionAspectSupport.java:420)
	at org.springframework.transaction.interceptor.TransactionAspectSupport.invokeWithinTransaction(TransactionAspectSupport.java:257)
	at org.springframework.transaction.interceptor.TransactionInterceptor.invoke(TransactionInterceptor.java:95)
	at org.springframework.aop.framework.ReflectiveMethodInvocation.proceed(ReflectiveMethodInvocation.java:179)
	at org.springframework.aop.framework.JdkDynamicAopProxy.invoke(JdkDynamicAopProxy.java:207)
	at com.sun.proxy.$Proxy63.findAll(Unknown Source)
	at com.bobSeller.core.registro.service.MapeoHookService.findAll(MapeoHookService.java:18)
	at com.bobSeller.core.registro.controller.HookControllerImpl.FuncionesHook(HookControllerImpl.java:34)
	at com.bobSeller.core.registro.controller.IndexController.showIndex(IndexController.java:16)
	at sun.reflect.NativeMethodAccessorImpl.invoke0(Native Method)
	at sun.reflect.NativeMethodAccessorImpl.invoke(NativeMethodAccessorImpl.java:62)
	at sun.reflect.DelegatingMethodAccessorImpl.invoke(DelegatingMethodAccessorImpl.java:43)
	at java.lang.reflect.Method.invoke(Method.java:497)
	at org.springframework.web.method.support.InvocableHandlerMethod.doInvoke(InvocableHandlerMethod.java:221)
	at org.springframework.web.method.support.InvocableHandlerMethod.invokeForRequest(InvocableHandlerMethod.java:137)
	at org.springframework.web.servlet.mvc.method.annotation.ServletInvocableHandlerMethod.invokeAndHandle(ServletInvocableHandlerMethod.java:104)
	at org.springframework.web.servlet.mvc.method.annotation.RequestMappingHandlerAdapter.invokeHandleMethod(RequestMappingHandlerAdapter.java:749)
	at org.springframework.web.servlet.mvc.method.annotation.RequestMappingHandlerAdapter.handleInternal(RequestMappingHandlerAdapter.java:689)
	at org.springframework.web.servlet.mvc.method.AbstractHandlerMethodAdapter.handle(AbstractHandlerMethodAdapter.java:83)
	at org.springframework.web.servlet.DispatcherServlet.doDispatch(DispatcherServlet.java:938)
	at org.springframework.web.servlet.DispatcherServlet.doService(DispatcherServlet.java:870)
	at org.springframework.web.servlet.FrameworkServlet.processRequest(FrameworkServlet.java:961)
	at org.springframework.web.servlet.FrameworkServlet.doGet(FrameworkServlet.java:852)
	at javax.servlet.http.HttpServlet.service(HttpServlet.java:624)
	at org.springframework.web.servlet.FrameworkServlet.service(FrameworkServlet.java:837)
	at javax.servlet.http.HttpServlet.service(HttpServlet.java:731)
	at org.apache.catalina.core.ApplicationFilterChain.internalDoFilter(ApplicationFilterChain.java:303)
	at org.apache.catalina.core.ApplicationFilterChain.doFilter(ApplicationFilterChain.java:208)
	at org.apache.tomcat.websocket.server.WsFilter.doFilter(WsFilter.java:52)
	at org.apache.catalina.core.ApplicationFilterChain.internalDoFilter(ApplicationFilterChain.java:241)
	at org.apache.catalina.core.ApplicationFilterChain.doFilter(ApplicationFilterChain.java:208)
	at org.springframework.security.web.FilterChainProxy$VirtualFilterChain.doFilter(FilterChainProxy.java:330)
	at org.springframework.security.web.access.intercept.FilterSecurityInterceptor.invoke(FilterSecurityInterceptor.java:118)
	at org.springframework.security.web.access.intercept.FilterSecurityInterceptor.doFilter(FilterSecurityInterceptor.java:84)
	at org.springframework.security.web.FilterChainProxy$VirtualFilterChain.doFilter(FilterChainProxy.java:342)
	at org.springframework.security.web.access.ExceptionTranslationFilter.doFilter(ExceptionTranslationFilter.java:113)
	at org.springframework.security.web.FilterChainProxy$VirtualFilterChain.doFilter(FilterChainProxy.java:342)
	at org.springframework.security.web.session.SessionManagementFilter.doFilter(SessionManagementFilter.java:103)
	at org.springframework.security.web.FilterChainProxy$VirtualFilterChain.doFilter(FilterChainProxy.java:342)
	at org.springframework.security.web.authentication.AnonymousAuthenticationFilter.doFilter(AnonymousAuthenticationFilter.java:113)
	at org.springframework.security.web.FilterChainProxy$VirtualFilterChain.doFilter(FilterChainProxy.java:342)
	at org.springframework.security.web.servletapi.SecurityContextHolderAwareRequestFilter.doFilter(SecurityContextHolderAwareRequestFilter.java:154)
	at org.springframework.security.web.FilterChainProxy$VirtualFilterChain.doFilter(FilterChainProxy.java:342)
	at org.springframework.security.web.savedrequest.RequestCacheAwareFilter.doFilter(RequestCacheAwareFilter.java:45)
	at org.springframework.security.web.FilterChainProxy$VirtualFilterChain.doFilter(FilterChainProxy.java:342)
	at org.springframework.security.web.authentication.AbstractAuthenticationProcessingFilter.doFilter(AbstractAuthenticationProcessingFilter.java:199)
	at org.springframework.security.web.FilterChainProxy$VirtualFilterChain.doFilter(FilterChainProxy.java:342)
	at org.springframework.security.web.authentication.logout.LogoutFilter.doFilter(LogoutFilter.java:110)
	at org.springframework.security.web.FilterChainProxy$VirtualFilterChain.doFilter(FilterChainProxy.java:342)
	at org.springframework.security.web.context.request.async.WebAsyncManagerIntegrationFilter.doFilterInternal(WebAsyncManagerIntegrationFilter.java:50)
	at org.springframework.web.filter.OncePerRequestFilter.doFilter(OncePerRequestFilter.java:107)
	at org.springframework.security.web.FilterChainProxy$VirtualFilterChain.doFilter(FilterChainProxy.java:342)
	at org.springframework.security.web.context.SecurityContextPersistenceFilter.doFilter(SecurityContextPersistenceFilter.java:87)
	at org.springframework.security.web.FilterChainProxy$VirtualFilterChain.doFilter(FilterChainProxy.java:342)
	at org.springframework.security.web.FilterChainProxy.doFilterInternal(FilterChainProxy.java:192)
	at org.springframework.security.web.FilterChainProxy.doFilter(FilterChainProxy.java:160)
	at org.springframework.web.filter.DelegatingFilterProxy.invokeDelegate(DelegatingFilterProxy.java:346)
	at org.springframework.web.filter.DelegatingFilterProxy.doFilter(DelegatingFilterProxy.java:262)
	at org.apache.catalina.core.ApplicationFilterChain.internalDoFilter(ApplicationFilterChain.java:241)
	at org.apache.catalina.core.ApplicationFilterChain.doFilter(ApplicationFilterChain.java:208)
	at org.apache.catalina.core.StandardWrapperValve.invoke(StandardWrapperValve.java:220)
	at org.apache.catalina.core.StandardContextValve.invoke(StandardContextValve.java:122)
	at org.apache.catalina.authenticator.AuthenticatorBase.invoke(AuthenticatorBase.java:505)
	at org.apache.catalina.core.StandardHostValve.invoke(StandardHostValve.java:170)
	at org.apache.catalina.valves.ErrorReportValve.invoke(ErrorReportValve.java:103)
	at org.apache.catalina.valves.AccessLogValve.invoke(AccessLogValve.java:956)
	at org.apache.catalina.core.StandardEngineValve.invoke(StandardEngineValve.java:116)
	at org.apache.catalina.connector.CoyoteAdapter.service(CoyoteAdapter.java:423)
	at org.apache.coyote.http11.AbstractHttp11Processor.process(AbstractHttp11Processor.java:1079)
	at org.apache.coyote.AbstractProtocol$AbstractConnectionHandler.process(AbstractProtocol.java:625)
	at org.apache.tomcat.util.net.JIoEndpoint$SocketProcessor.run(JIoEndpoint.java:316)
	at java.util.concurrent.ThreadPoolExecutor.runWorker(ThreadPoolExecutor.java:1142)
	at java.util.concurrent.ThreadPoolExecutor$Worker.run(ThreadPoolExecutor.java:617)
	at org.apache.tomcat.util.threads.TaskThread$WrappingRunnable.run(TaskThread.java:61)
	at java.lang.Thread.run(Thread.java:745)

oct 28, 2015 6:27:51 PM org.apache.catalina.core.ApplicationContext log
INFORMACIÓN: Destroying Spring FrameworkServlet 'dispatcher'
oct 28, 2015 6:27:51 PM org.apache.catalina.core.ApplicationContext log
INFORMACIÓN: Closing Spring root WebApplicationContext
oct 28, 2015 6:27:51 PM org.apache.catalina.core.ApplicationContext log
INFORMACIÓN: SessionListener: contextDestroyed()
oct 28, 2015 6:27:51 PM org.apache.catalina.core.ApplicationContext log
INFORMACIÓN: ContextListener: contextDestroyed()
oct 28, 2015 6:27:57 PM org.apache.catalina.core.ApplicationContext log
INFORMACIÓN: No Spring WebApplicationInitializer types detected on classpath
oct 28, 2015 6:27:57 PM org.apache.catalina.core.ApplicationContext log
INFORMACIÓN: Initializing Spring root WebApplicationContext
oct 28, 2015 6:28:01 PM org.apache.catalina.core.ApplicationContext log
INFORMACIÓN: ContextListener: contextInitialized()
oct 28, 2015 6:28:01 PM org.apache.catalina.core.ApplicationContext log
INFORMACIÓN: SessionListener: contextInitialized()
oct 28, 2015 6:28:01 PM org.apache.catalina.core.ApplicationContext log
INFORMACIÓN: ContextListener: attributeAdded('org.apache.jasper.compiler.TldLocationsCache', 'org.apache.jasper.compiler.TldLocationsCache@13d66e23')
oct 28, 2015 6:28:05 PM org.apache.catalina.core.ApplicationContext log
INFORMACIÓN: Initializing Spring FrameworkServlet 'dispatcher'
oct 28, 2015 6:28:06 PM org.apache.catalina.core.StandardWrapperValve invoke
GRAVE: El Servlet.service() para el servlet [dispatcher] en el contexto con ruta [/55-springwebapp] lanzó la excepción [Request processing failed; nested exception is org.springframework.transaction.CannotCreateTransactionException: Could not open Hibernate Session for transaction; nested exception is org.hibernate.exception.GenericJDBCException: Could not open connection] con causa raíz
java.sql.SQLException: No suitable driver
	at java.sql.DriverManager.getDriver(DriverManager.java:315)
	at org.apache.tomcat.dbcp.dbcp.BasicDataSource.createConnectionFactory(BasicDataSource.java:1437)
	at org.apache.tomcat.dbcp.dbcp.BasicDataSource.createDataSource(BasicDataSource.java:1371)
	at org.apache.tomcat.dbcp.dbcp.BasicDataSource.getConnection(BasicDataSource.java:1044)
	at org.hibernate.engine.jdbc.connections.internal.DatasourceConnectionProviderImpl.getConnection(DatasourceConnectionProviderImpl.java:139)
	at org.hibernate.internal.AbstractSessionImpl$NonContextualJdbcConnectionAccess.obtainConnection(AbstractSessionImpl.java:380)
	at org.hibernate.engine.jdbc.internal.LogicalConnectionImpl.obtainConnection(LogicalConnectionImpl.java:228)
	at org.hibernate.engine.jdbc.internal.LogicalConnectionImpl.getConnection(LogicalConnectionImpl.java:171)
	at org.hibernate.internal.SessionImpl.connection(SessionImpl.java:450)
	at org.springframework.orm.hibernate4.HibernateTransactionManager.doBegin(HibernateTransactionManager.java:429)
	at org.springframework.transaction.support.AbstractPlatformTransactionManager.getTransaction(AbstractPlatformTransactionManager.java:373)
	at org.springframework.transaction.interceptor.TransactionAspectSupport.createTransactionIfNecessary(TransactionAspectSupport.java:420)
	at org.springframework.transaction.interceptor.TransactionAspectSupport.invokeWithinTransaction(TransactionAspectSupport.java:257)
	at org.springframework.transaction.interceptor.TransactionInterceptor.invoke(TransactionInterceptor.java:95)
	at org.springframework.aop.framework.ReflectiveMethodInvocation.proceed(ReflectiveMethodInvocation.java:179)
	at org.springframework.aop.framework.JdkDynamicAopProxy.invoke(JdkDynamicAopProxy.java:207)
	at com.sun.proxy.$Proxy26.findAll(Unknown Source)
	at com.bobSeller.core.registro.service.MapeoHookService.findAll(MapeoHookService.java:18)
	at com.bobSeller.core.registro.controller.HookControllerImpl.FuncionesHook(HookControllerImpl.java:34)
	at com.bobSeller.core.registro.controller.IndexController.showIndex(IndexController.java:16)
	at sun.reflect.NativeMethodAccessorImpl.invoke0(Native Method)
	at sun.reflect.NativeMethodAccessorImpl.invoke(NativeMethodAccessorImpl.java:62)
	at sun.reflect.DelegatingMethodAccessorImpl.invoke(DelegatingMethodAccessorImpl.java:43)
	at java.lang.reflect.Method.invoke(Method.java:497)
	at org.springframework.web.method.support.InvocableHandlerMethod.doInvoke(InvocableHandlerMethod.java:221)
	at org.springframework.web.method.support.InvocableHandlerMethod.invokeForRequest(InvocableHandlerMethod.java:137)
	at org.springframework.web.servlet.mvc.method.annotation.ServletInvocableHandlerMethod.invokeAndHandle(ServletInvocableHandlerMethod.java:104)
	at org.springframework.web.servlet.mvc.method.annotation.RequestMappingHandlerAdapter.invokeHandleMethod(RequestMappingHandlerAdapter.java:749)
	at org.springframework.web.servlet.mvc.method.annotation.RequestMappingHandlerAdapter.handleInternal(RequestMappingHandlerAdapter.java:689)
	at org.springframework.web.servlet.mvc.method.AbstractHandlerMethodAdapter.handle(AbstractHandlerMethodAdapter.java:83)
	at org.springframework.web.servlet.DispatcherServlet.doDispatch(DispatcherServlet.java:938)
	at org.springframework.web.servlet.DispatcherServlet.doService(DispatcherServlet.java:870)
	at org.springframework.web.servlet.FrameworkServlet.processRequest(FrameworkServlet.java:961)
	at org.springframework.web.servlet.FrameworkServlet.doGet(FrameworkServlet.java:852)
	at javax.servlet.http.HttpServlet.service(HttpServlet.java:624)
	at org.springframework.web.servlet.FrameworkServlet.service(FrameworkServlet.java:837)
	at javax.servlet.http.HttpServlet.service(HttpServlet.java:731)
	at org.apache.catalina.core.ApplicationFilterChain.internalDoFilter(ApplicationFilterChain.java:303)
	at org.apache.catalina.core.ApplicationFilterChain.doFilter(ApplicationFilterChain.java:208)
	at org.apache.tomcat.websocket.server.WsFilter.doFilter(WsFilter.java:52)
	at org.apache.catalina.core.ApplicationFilterChain.internalDoFilter(ApplicationFilterChain.java:241)
	at org.apache.catalina.core.ApplicationFilterChain.doFilter(ApplicationFilterChain.java:208)
	at org.springframework.security.web.FilterChainProxy$VirtualFilterChain.doFilter(FilterChainProxy.java:330)
	at org.springframework.security.web.access.intercept.FilterSecurityInterceptor.invoke(FilterSecurityInterceptor.java:118)
	at org.springframework.security.web.access.intercept.FilterSecurityInterceptor.doFilter(FilterSecurityInterceptor.java:84)
	at org.springframework.security.web.FilterChainProxy$VirtualFilterChain.doFilter(FilterChainProxy.java:342)
	at org.springframework.security.web.access.ExceptionTranslationFilter.doFilter(ExceptionTranslationFilter.java:113)
	at org.springframework.security.web.FilterChainProxy$VirtualFilterChain.doFilter(FilterChainProxy.java:342)
	at org.springframework.security.web.session.SessionManagementFilter.doFilter(SessionManagementFilter.java:103)
	at org.springframework.security.web.FilterChainProxy$VirtualFilterChain.doFilter(FilterChainProxy.java:342)
	at org.springframework.security.web.authentication.AnonymousAuthenticationFilter.doFilter(AnonymousAuthenticationFilter.java:113)
	at org.springframework.security.web.FilterChainProxy$VirtualFilterChain.doFilter(FilterChainProxy.java:342)
	at org.springframework.security.web.servletapi.SecurityContextHolderAwareRequestFilter.doFilter(SecurityContextHolderAwareRequestFilter.java:154)
	at org.springframework.security.web.FilterChainProxy$VirtualFilterChain.doFilter(FilterChainProxy.java:342)
	at org.springframework.security.web.savedrequest.RequestCacheAwareFilter.doFilter(RequestCacheAwareFilter.java:45)
	at org.springframework.security.web.FilterChainProxy$VirtualFilterChain.doFilter(FilterChainProxy.java:342)
	at org.springframework.security.web.authentication.AbstractAuthenticationProcessingFilter.doFilter(AbstractAuthenticationProcessingFilter.java:199)
	at org.springframework.security.web.FilterChainProxy$VirtualFilterChain.doFilter(FilterChainProxy.java:342)
	at org.springframework.security.web.authentication.logout.LogoutFilter.doFilter(LogoutFilter.java:110)
	at org.springframework.security.web.FilterChainProxy$VirtualFilterChain.doFilter(FilterChainProxy.java:342)
	at org.springframework.security.web.context.request.async.WebAsyncManagerIntegrationFilter.doFilterInternal(WebAsyncManagerIntegrationFilter.java:50)
	at org.springframework.web.filter.OncePerRequestFilter.doFilter(OncePerRequestFilter.java:107)
	at org.springframework.security.web.FilterChainProxy$VirtualFilterChain.doFilter(FilterChainProxy.java:342)
	at org.springframework.security.web.context.SecurityContextPersistenceFilter.doFilter(SecurityContextPersistenceFilter.java:87)
	at org.springframework.security.web.FilterChainProxy$VirtualFilterChain.doFilter(FilterChainProxy.java:342)
	at org.springframework.security.web.FilterChainProxy.doFilterInternal(FilterChainProxy.java:192)
	at org.springframework.security.web.FilterChainProxy.doFilter(FilterChainProxy.java:160)
	at org.springframework.web.filter.DelegatingFilterProxy.invokeDelegate(DelegatingFilterProxy.java:346)
	at org.springframework.web.filter.DelegatingFilterProxy.doFilter(DelegatingFilterProxy.java:262)
	at org.apache.catalina.core.ApplicationFilterChain.internalDoFilter(ApplicationFilterChain.java:241)
	at org.apache.catalina.core.ApplicationFilterChain.doFilter(ApplicationFilterChain.java:208)
	at org.apache.catalina.core.StandardWrapperValve.invoke(StandardWrapperValve.java:220)
	at org.apache.catalina.core.StandardContextValve.invoke(StandardContextValve.java:122)
	at org.apache.catalina.authenticator.AuthenticatorBase.invoke(AuthenticatorBase.java:505)
	at org.apache.catalina.core.StandardHostValve.invoke(StandardHostValve.java:170)
	at org.apache.catalina.valves.ErrorReportValve.invoke(ErrorReportValve.java:103)
	at org.apache.catalina.valves.AccessLogValve.invoke(AccessLogValve.java:956)
	at org.apache.catalina.core.StandardEngineValve.invoke(StandardEngineValve.java:116)
	at org.apache.catalina.connector.CoyoteAdapter.service(CoyoteAdapter.java:423)
	at org.apache.coyote.http11.AbstractHttp11Processor.process(AbstractHttp11Processor.java:1079)
	at org.apache.coyote.AbstractProtocol$AbstractConnectionHandler.process(AbstractProtocol.java:625)
	at org.apache.tomcat.util.net.JIoEndpoint$SocketProcessor.run(JIoEndpoint.java:316)
	at java.util.concurrent.ThreadPoolExecutor.runWorker(ThreadPoolExecutor.java:1142)
	at java.util.concurrent.ThreadPoolExecutor$Worker.run(ThreadPoolExecutor.java:617)
	at org.apache.tomcat.util.threads.TaskThread$WrappingRunnable.run(TaskThread.java:61)
	at java.lang.Thread.run(Thread.java:745)

oct 28, 2015 6:29:42 PM org.apache.catalina.core.ApplicationContext log
INFORMACIÓN: Destroying Spring FrameworkServlet 'dispatcher'
oct 28, 2015 6:29:42 PM org.apache.catalina.core.ApplicationContext log
INFORMACIÓN: Closing Spring root WebApplicationContext
oct 28, 2015 6:29:42 PM org.apache.catalina.core.ApplicationContext log
INFORMACIÓN: SessionListener: contextDestroyed()
oct 28, 2015 6:29:42 PM org.apache.catalina.core.ApplicationContext log
INFORMACIÓN: ContextListener: contextDestroyed()
oct 28, 2015 6:29:43 PM org.apache.catalina.core.ApplicationContext log
INFORMACIÓN: No Spring WebApplicationInitializer types detected on classpath
oct 28, 2015 6:29:43 PM org.apache.catalina.core.ApplicationContext log
INFORMACIÓN: Initializing Spring root WebApplicationContext
oct 28, 2015 6:29:46 PM org.apache.catalina.core.ApplicationContext log
INFORMACIÓN: ContextListener: contextInitialized()
oct 28, 2015 6:29:46 PM org.apache.catalina.core.ApplicationContext log
INFORMACIÓN: SessionListener: contextInitialized()
oct 28, 2015 6:29:46 PM org.apache.catalina.core.ApplicationContext log
INFORMACIÓN: ContextListener: attributeAdded('org.apache.jasper.compiler.TldLocationsCache', 'org.apache.jasper.compiler.TldLocationsCache@4877d1f')
oct 28, 2015 6:29:46 PM org.apache.catalina.core.ApplicationContext log
INFORMACIÓN: Closing Spring root WebApplicationContext
oct 28, 2015 6:29:46 PM org.apache.catalina.core.ApplicationContext log
INFORMACIÓN: SessionListener: contextDestroyed()
oct 28, 2015 6:29:46 PM org.apache.catalina.core.ApplicationContext log
INFORMACIÓN: ContextListener: contextDestroyed()
oct 28, 2015 6:29:49 PM org.apache.catalina.core.ApplicationContext log
INFORMACIÓN: No Spring WebApplicationInitializer types detected on classpath
oct 28, 2015 6:29:49 PM org.apache.catalina.core.ApplicationContext log
INFORMACIÓN: Initializing Spring root WebApplicationContext
oct 28, 2015 6:29:52 PM org.apache.catalina.core.ApplicationContext log
INFORMACIÓN: ContextListener: contextInitialized()
oct 28, 2015 6:29:52 PM org.apache.catalina.core.ApplicationContext log
INFORMACIÓN: SessionListener: contextInitialized()
oct 28, 2015 6:29:52 PM org.apache.catalina.core.ApplicationContext log
INFORMACIÓN: ContextListener: attributeAdded('org.apache.jasper.compiler.TldLocationsCache', 'org.apache.jasper.compiler.TldLocationsCache@1f4e4720')
oct 28, 2015 6:29:53 PM org.apache.catalina.core.ApplicationContext log
INFORMACIÓN: Initializing Spring FrameworkServlet 'dispatcher'
oct 28, 2015 6:31:37 PM org.apache.catalina.core.ApplicationContext log
INFORMACIÓN: Destroying Spring FrameworkServlet 'dispatcher'
oct 28, 2015 6:31:38 PM org.apache.catalina.core.ApplicationContext log
INFORMACIÓN: Closing Spring root WebApplicationContext
oct 28, 2015 6:31:38 PM org.apache.catalina.core.ApplicationContext log
INFORMACIÓN: SessionListener: contextDestroyed()
oct 28, 2015 6:31:38 PM org.apache.catalina.core.ApplicationContext log
INFORMACIÓN: ContextListener: contextDestroyed()
oct 28, 2015 6:32:12 PM org.apache.catalina.core.ApplicationContext log
INFORMACIÓN: No Spring WebApplicationInitializer types detected on classpath
oct 28, 2015 6:32:12 PM org.apache.catalina.core.ApplicationContext log
INFORMACIÓN: Initializing Spring root WebApplicationContext
oct 28, 2015 6:32:15 PM org.apache.catalina.core.ApplicationContext log
INFORMACIÓN: ContextListener: contextInitialized()
oct 28, 2015 6:32:15 PM org.apache.catalina.core.ApplicationContext log
INFORMACIÓN: SessionListener: contextInitialized()
oct 28, 2015 6:32:15 PM org.apache.catalina.core.ApplicationContext log
INFORMACIÓN: ContextListener: attributeAdded('org.apache.jasper.compiler.TldLocationsCache', 'org.apache.jasper.compiler.TldLocationsCache@205d07e3')
oct 28, 2015 6:32:17 PM org.apache.catalina.core.ApplicationContext log
INFORMACIÓN: Initializing Spring FrameworkServlet 'dispatcher'
oct 28, 2015 6:34:49 PM org.apache.catalina.core.ApplicationContext log
INFORMACIÓN: Destroying Spring FrameworkServlet 'dispatcher'
oct 28, 2015 6:34:49 PM org.apache.catalina.core.ApplicationContext log
INFORMACIÓN: Closing Spring root WebApplicationContext
oct 28, 2015 6:34:49 PM org.apache.catalina.core.ApplicationContext log
INFORMACIÓN: SessionListener: contextDestroyed()
oct 28, 2015 6:34:49 PM org.apache.catalina.core.ApplicationContext log
INFORMACIÓN: ContextListener: contextDestroyed()
oct 28, 2015 6:45:12 PM org.apache.catalina.core.ApplicationContext log
INFORMACIÓN: No Spring WebApplicationInitializer types detected on classpath
oct 28, 2015 6:45:12 PM org.apache.catalina.core.ApplicationContext log
INFORMACIÓN: Initializing Spring root WebApplicationContext
oct 28, 2015 6:45:15 PM org.apache.catalina.core.ApplicationContext log
INFORMACIÓN: ContextListener: contextInitialized()
oct 28, 2015 6:45:15 PM org.apache.catalina.core.ApplicationContext log
INFORMACIÓN: SessionListener: contextInitialized()
oct 28, 2015 6:45:15 PM org.apache.catalina.core.ApplicationContext log
INFORMACIÓN: ContextListener: attributeAdded('org.apache.jasper.compiler.TldLocationsCache', 'org.apache.jasper.compiler.TldLocationsCache@2969b61b')
oct 28, 2015 6:45:16 PM org.apache.catalina.core.ApplicationContext log
INFORMACIÓN: Initializing Spring FrameworkServlet 'dispatcher'
oct 28, 2015 6:46:01 PM org.apache.catalina.core.ApplicationContext log
INFORMACIÓN: Destroying Spring FrameworkServlet 'dispatcher'
oct 28, 2015 6:46:01 PM org.apache.catalina.core.ApplicationContext log
INFORMACIÓN: Closing Spring root WebApplicationContext
oct 28, 2015 6:46:01 PM org.apache.catalina.core.ApplicationContext log
INFORMACIÓN: SessionListener: contextDestroyed()
oct 28, 2015 6:46:01 PM org.apache.catalina.core.ApplicationContext log
INFORMACIÓN: ContextListener: contextDestroyed()
oct 28, 2015 6:46:37 PM org.apache.catalina.core.ApplicationContext log
INFORMACIÓN: No Spring WebApplicationInitializer types detected on classpath
oct 28, 2015 6:46:37 PM org.apache.catalina.core.ApplicationContext log
INFORMACIÓN: Initializing Spring root WebApplicationContext
oct 28, 2015 6:46:40 PM org.apache.catalina.core.ApplicationContext log
INFORMACIÓN: ContextListener: contextInitialized()
oct 28, 2015 6:46:40 PM org.apache.catalina.core.ApplicationContext log
INFORMACIÓN: SessionListener: contextInitialized()
oct 28, 2015 6:46:40 PM org.apache.catalina.core.ApplicationContext log
INFORMACIÓN: ContextListener: attributeAdded('org.apache.jasper.compiler.TldLocationsCache', 'org.apache.jasper.compiler.TldLocationsCache@12dec9f2')
oct 28, 2015 6:46:45 PM org.apache.catalina.core.ApplicationContext log
INFORMACIÓN: Initializing Spring FrameworkServlet 'dispatcher'
oct 28, 2015 6:47:35 PM org.apache.catalina.core.ApplicationContext log
INFORMACIÓN: Destroying Spring FrameworkServlet 'dispatcher'
oct 28, 2015 6:47:35 PM org.apache.catalina.core.ApplicationContext log
INFORMACIÓN: Closing Spring root WebApplicationContext
oct 28, 2015 6:47:35 PM org.apache.catalina.core.ApplicationContext log
INFORMACIÓN: SessionListener: contextDestroyed()
oct 28, 2015 6:47:35 PM org.apache.catalina.core.ApplicationContext log
INFORMACIÓN: ContextListener: contextDestroyed()
oct 28, 2015 6:48:50 PM org.apache.catalina.core.ApplicationContext log
INFORMACIÓN: No Spring WebApplicationInitializer types detected on classpath
oct 28, 2015 6:48:50 PM org.apache.catalina.core.ApplicationContext log
INFORMACIÓN: Initializing Spring root WebApplicationContext
oct 28, 2015 6:48:54 PM org.apache.catalina.core.ApplicationContext log
INFORMACIÓN: ContextListener: contextInitialized()
oct 28, 2015 6:48:54 PM org.apache.catalina.core.ApplicationContext log
INFORMACIÓN: SessionListener: contextInitialized()
oct 28, 2015 6:48:54 PM org.apache.catalina.core.ApplicationContext log
INFORMACIÓN: ContextListener: attributeAdded('org.apache.jasper.compiler.TldLocationsCache', 'org.apache.jasper.compiler.TldLocationsCache@59da0c15')
oct 28, 2015 6:49:03 PM org.apache.catalina.core.ApplicationContext log
INFORMACIÓN: Initializing Spring FrameworkServlet 'dispatcher'
oct 28, 2015 6:49:48 PM org.apache.catalina.core.ApplicationContext log
INFORMACIÓN: Destroying Spring FrameworkServlet 'dispatcher'
oct 28, 2015 6:49:48 PM org.apache.catalina.core.ApplicationContext log
INFORMACIÓN: Closing Spring root WebApplicationContext
oct 28, 2015 6:49:48 PM org.apache.catalina.core.ApplicationContext log
INFORMACIÓN: SessionListener: contextDestroyed()
oct 28, 2015 6:49:48 PM org.apache.catalina.core.ApplicationContext log
INFORMACIÓN: ContextListener: contextDestroyed()
oct 28, 2015 8:41:25 PM org.apache.catalina.core.ApplicationContext log
INFORMACIÓN: No Spring WebApplicationInitializer types detected on classpath
oct 28, 2015 8:41:25 PM org.apache.catalina.core.ApplicationContext log
INFORMACIÓN: Initializing Spring root WebApplicationContext
oct 28, 2015 8:41:33 PM org.apache.catalina.core.ApplicationContext log
INFORMACIÓN: ContextListener: contextInitialized()
oct 28, 2015 8:41:33 PM org.apache.catalina.core.ApplicationContext log
INFORMACIÓN: SessionListener: contextInitialized()
oct 28, 2015 8:41:33 PM org.apache.catalina.core.ApplicationContext log
INFORMACIÓN: ContextListener: attributeAdded('org.apache.jasper.compiler.TldLocationsCache', 'org.apache.jasper.compiler.TldLocationsCache@3b082db')
oct 28, 2015 8:41:34 PM org.apache.catalina.core.ApplicationContext log
INFORMACIÓN: Initializing Spring FrameworkServlet 'dispatcher'
oct 28, 2015 10:17:30 PM org.apache.catalina.core.ApplicationContext log
INFORMACIÓN: Destroying Spring FrameworkServlet 'dispatcher'
oct 28, 2015 10:17:30 PM org.apache.catalina.core.ApplicationContext log
INFORMACIÓN: Closing Spring root WebApplicationContext
oct 28, 2015 10:17:30 PM org.apache.catalina.core.ApplicationContext log
INFORMACIÓN: SessionListener: contextDestroyed()
oct 28, 2015 10:17:30 PM org.apache.catalina.core.ApplicationContext log
INFORMACIÓN: ContextListener: contextDestroyed()
oct 28, 2015 10:26:11 PM org.apache.catalina.core.ApplicationContext log
INFORMACIÓN: No Spring WebApplicationInitializer types detected on classpath
oct 28, 2015 10:26:11 PM org.apache.catalina.core.ApplicationContext log
INFORMACIÓN: Initializing Spring root WebApplicationContext
oct 28, 2015 10:26:15 PM org.apache.catalina.core.ApplicationContext log
INFORMACIÓN: ContextListener: contextInitialized()
oct 28, 2015 10:26:15 PM org.apache.catalina.core.ApplicationContext log
INFORMACIÓN: SessionListener: contextInitialized()
oct 28, 2015 10:26:15 PM org.apache.catalina.core.ApplicationContext log
INFORMACIÓN: ContextListener: attributeAdded('org.apache.jasper.compiler.TldLocationsCache', 'org.apache.jasper.compiler.TldLocationsCache@441f4b7a')
oct 28, 2015 10:26:16 PM org.apache.catalina.core.ApplicationContext log
INFORMACIÓN: Closing Spring root WebApplicationContext
oct 28, 2015 10:26:16 PM org.apache.catalina.core.ApplicationContext log
INFORMACIÓN: SessionListener: contextDestroyed()
oct 28, 2015 10:26:16 PM org.apache.catalina.core.ApplicationContext log
INFORMACIÓN: ContextListener: contextDestroyed()
oct 28, 2015 10:27:35 PM org.apache.catalina.core.ApplicationContext log
INFORMACIÓN: No Spring WebApplicationInitializer types detected on classpath
oct 28, 2015 10:27:35 PM org.apache.catalina.core.ApplicationContext log
INFORMACIÓN: Initializing Spring root WebApplicationContext
oct 28, 2015 10:27:39 PM org.apache.catalina.core.ApplicationContext log
INFORMACIÓN: ContextListener: contextInitialized()
oct 28, 2015 10:27:39 PM org.apache.catalina.core.ApplicationContext log
INFORMACIÓN: SessionListener: contextInitialized()
oct 28, 2015 10:27:39 PM org.apache.catalina.core.ApplicationContext log
INFORMACIÓN: ContextListener: attributeAdded('org.apache.jasper.compiler.TldLocationsCache', 'org.apache.jasper.compiler.TldLocationsCache@18f5dedd')
oct 28, 2015 10:27:39 PM org.apache.catalina.core.ApplicationContext log
INFORMACIÓN: Closing Spring root WebApplicationContext
oct 28, 2015 10:27:39 PM org.apache.catalina.core.ApplicationContext log
INFORMACIÓN: SessionListener: contextDestroyed()
oct 28, 2015 10:27:39 PM org.apache.catalina.core.ApplicationContext log
INFORMACIÓN: ContextListener: contextDestroyed()
oct 28, 2015 10:28:03 PM org.apache.catalina.core.ApplicationContext log
INFORMACIÓN: No Spring WebApplicationInitializer types detected on classpath
oct 28, 2015 10:28:03 PM org.apache.catalina.core.ApplicationContext log
INFORMACIÓN: Initializing Spring root WebApplicationContext
oct 28, 2015 10:28:07 PM org.apache.catalina.core.ApplicationContext log
INFORMACIÓN: ContextListener: contextInitialized()
oct 28, 2015 10:28:07 PM org.apache.catalina.core.ApplicationContext log
INFORMACIÓN: SessionListener: contextInitialized()
oct 28, 2015 10:28:07 PM org.apache.catalina.core.ApplicationContext log
INFORMACIÓN: ContextListener: attributeAdded('org.apache.jasper.compiler.TldLocationsCache', 'org.apache.jasper.compiler.TldLocationsCache@11c98f3')
oct 28, 2015 10:28:07 PM org.apache.catalina.core.ApplicationContext log
INFORMACIÓN: Closing Spring root WebApplicationContext
oct 28, 2015 10:28:07 PM org.apache.catalina.core.ApplicationContext log
INFORMACIÓN: SessionListener: contextDestroyed()
oct 28, 2015 10:28:07 PM org.apache.catalina.core.ApplicationContext log
INFORMACIÓN: ContextListener: contextDestroyed()
oct 28, 2015 10:28:25 PM org.apache.catalina.core.ApplicationContext log
INFORMACIÓN: No Spring WebApplicationInitializer types detected on classpath
oct 28, 2015 10:28:25 PM org.apache.catalina.core.ApplicationContext log
INFORMACIÓN: Initializing Spring root WebApplicationContext
oct 28, 2015 10:28:29 PM org.apache.catalina.core.ApplicationContext log
INFORMACIÓN: ContextListener: contextInitialized()
oct 28, 2015 10:28:29 PM org.apache.catalina.core.ApplicationContext log
INFORMACIÓN: SessionListener: contextInitialized()
oct 28, 2015 10:28:29 PM org.apache.catalina.core.ApplicationContext log
INFORMACIÓN: ContextListener: attributeAdded('org.apache.jasper.compiler.TldLocationsCache', 'org.apache.jasper.compiler.TldLocationsCache@18f5dedd')
oct 28, 2015 10:28:29 PM org.apache.catalina.core.ApplicationContext log
INFORMACIÓN: Closing Spring root WebApplicationContext
oct 28, 2015 10:28:29 PM org.apache.catalina.core.ApplicationContext log
INFORMACIÓN: SessionListener: contextDestroyed()
oct 28, 2015 10:28:29 PM org.apache.catalina.core.ApplicationContext log
INFORMACIÓN: ContextListener: contextDestroyed()
oct 28, 2015 10:28:43 PM org.apache.catalina.core.ApplicationContext log
INFORMACIÓN: No Spring WebApplicationInitializer types detected on classpath
oct 28, 2015 10:28:43 PM org.apache.catalina.core.ApplicationContext log
INFORMACIÓN: Initializing Spring root WebApplicationContext
oct 28, 2015 10:28:47 PM org.apache.catalina.core.ApplicationContext log
INFORMACIÓN: ContextListener: contextInitialized()
oct 28, 2015 10:28:47 PM org.apache.catalina.core.ApplicationContext log
INFORMACIÓN: SessionListener: contextInitialized()
oct 28, 2015 10:28:47 PM org.apache.catalina.core.ApplicationContext log
INFORMACIÓN: ContextListener: attributeAdded('org.apache.jasper.compiler.TldLocationsCache', 'org.apache.jasper.compiler.TldLocationsCache@78572423')
oct 28, 2015 10:29:00 PM org.apache.catalina.core.ApplicationContext log
INFORMACIÓN: Initializing Spring FrameworkServlet 'dispatcher'
oct 28, 2015 10:29:17 PM org.apache.catalina.core.ApplicationContext log
INFORMACIÓN: Destroying Spring FrameworkServlet 'dispatcher'
oct 28, 2015 10:29:17 PM org.apache.catalina.core.ApplicationContext log
INFORMACIÓN: Closing Spring root WebApplicationContext
oct 28, 2015 10:29:17 PM org.apache.catalina.core.ApplicationContext log
INFORMACIÓN: SessionListener: contextDestroyed()
oct 28, 2015 10:29:17 PM org.apache.catalina.core.ApplicationContext log
INFORMACIÓN: ContextListener: contextDestroyed()
oct 28, 2015 10:55:42 PM org.apache.catalina.core.ApplicationContext log
INFORMACIÓN: No Spring WebApplicationInitializer types detected on classpath
oct 28, 2015 10:55:42 PM org.apache.catalina.core.ApplicationContext log
INFORMACIÓN: Initializing Spring root WebApplicationContext
oct 28, 2015 10:55:46 PM org.apache.catalina.core.ApplicationContext log
INFORMACIÓN: ContextListener: contextInitialized()
oct 28, 2015 10:55:46 PM org.apache.catalina.core.ApplicationContext log
INFORMACIÓN: SessionListener: contextInitialized()
oct 28, 2015 10:55:46 PM org.apache.catalina.core.ApplicationContext log
INFORMACIÓN: ContextListener: attributeAdded('org.apache.jasper.compiler.TldLocationsCache', 'org.apache.jasper.compiler.TldLocationsCache@5df5dfd2')
oct 28, 2015 10:55:55 PM org.apache.catalina.core.ApplicationContext log
INFORMACIÓN: Initializing Spring FrameworkServlet 'dispatcher'
oct 28, 2015 10:57:21 PM org.apache.catalina.core.ApplicationContext log
INFORMACIÓN: Destroying Spring FrameworkServlet 'dispatcher'
oct 28, 2015 10:57:21 PM org.apache.catalina.core.ApplicationContext log
INFORMACIÓN: Closing Spring root WebApplicationContext
oct 28, 2015 10:57:21 PM org.apache.catalina.core.ApplicationContext log
INFORMACIÓN: SessionListener: contextDestroyed()
oct 28, 2015 10:57:21 PM org.apache.catalina.core.ApplicationContext log
INFORMACIÓN: ContextListener: contextDestroyed()
