oct 29, 2015 7:32:02 AM org.apache.catalina.core.ApplicationContext log
INFORMACIÓN: No Spring WebApplicationInitializer types detected on classpath
oct 29, 2015 7:32:02 AM org.apache.catalina.core.ApplicationContext log
INFORMACIÓN: Initializing Spring root WebApplicationContext
oct 29, 2015 7:32:06 AM org.apache.catalina.core.ApplicationContext log
INFORMACIÓN: ContextListener: contextInitialized()
oct 29, 2015 7:32:06 AM org.apache.catalina.core.ApplicationContext log
INFORMACIÓN: SessionListener: contextInitialized()
oct 29, 2015 7:32:06 AM org.apache.catalina.core.ApplicationContext log
INFORMACIÓN: ContextListener: attributeAdded('org.apache.jasper.compiler.TldLocationsCache', 'org.apache.jasper.compiler.TldLocationsCache@47e5bed7')
oct 29, 2015 7:32:19 AM org.apache.catalina.core.ApplicationContext log
INFORMACIÓN: Initializing Spring FrameworkServlet 'dispatcher'
oct 29, 2015 7:42:32 AM org.apache.catalina.core.ApplicationContext log
INFORMACIÓN: Destroying Spring FrameworkServlet 'dispatcher'
oct 29, 2015 7:42:32 AM org.apache.catalina.core.ApplicationContext log
INFORMACIÓN: Closing Spring root WebApplicationContext
oct 29, 2015 7:42:32 AM org.apache.catalina.core.ApplicationContext log
INFORMACIÓN: SessionListener: contextDestroyed()
oct 29, 2015 7:42:32 AM org.apache.catalina.core.ApplicationContext log
INFORMACIÓN: ContextListener: contextDestroyed()
oct 29, 2015 7:43:25 AM org.apache.catalina.core.ApplicationContext log
INFORMACIÓN: No Spring WebApplicationInitializer types detected on classpath
oct 29, 2015 7:43:25 AM org.apache.catalina.core.ApplicationContext log
INFORMACIÓN: Initializing Spring root WebApplicationContext
oct 29, 2015 7:43:30 AM org.apache.catalina.core.ApplicationContext log
INFORMACIÓN: ContextListener: contextInitialized()
oct 29, 2015 7:43:30 AM org.apache.catalina.core.ApplicationContext log
INFORMACIÓN: SessionListener: contextInitialized()
oct 29, 2015 7:43:30 AM org.apache.catalina.core.ApplicationContext log
INFORMACIÓN: ContextListener: attributeAdded('org.apache.jasper.compiler.TldLocationsCache', 'org.apache.jasper.compiler.TldLocationsCache@5df5dfd2')
oct 29, 2015 7:49:35 AM org.apache.catalina.core.ApplicationContext log
INFORMACIÓN: Initializing Spring FrameworkServlet 'dispatcher'
oct 29, 2015 7:55:37 AM org.apache.catalina.core.ApplicationContext log
INFORMACIÓN: Destroying Spring FrameworkServlet 'dispatcher'
oct 29, 2015 7:55:37 AM org.apache.catalina.core.ApplicationContext log
INFORMACIÓN: Closing Spring root WebApplicationContext
oct 29, 2015 7:55:37 AM org.apache.catalina.core.ApplicationContext log
INFORMACIÓN: SessionListener: contextDestroyed()
oct 29, 2015 7:55:37 AM org.apache.catalina.core.ApplicationContext log
INFORMACIÓN: ContextListener: contextDestroyed()
oct 29, 2015 11:19:49 AM org.apache.catalina.core.ApplicationContext log
INFORMACIÓN: No Spring WebApplicationInitializer types detected on classpath
oct 29, 2015 11:19:49 AM org.apache.catalina.core.ApplicationContext log
INFORMACIÓN: Initializing Spring root WebApplicationContext
oct 29, 2015 11:19:56 AM org.apache.catalina.core.ApplicationContext log
INFORMACIÓN: ContextListener: contextInitialized()
oct 29, 2015 11:19:56 AM org.apache.catalina.core.ApplicationContext log
INFORMACIÓN: SessionListener: contextInitialized()
oct 29, 2015 11:19:56 AM org.apache.catalina.core.ApplicationContext log
INFORMACIÓN: ContextListener: attributeAdded('org.apache.jasper.compiler.TldLocationsCache', 'org.apache.jasper.compiler.TldLocationsCache@5ce8657a')
oct 29, 2015 11:19:56 AM org.apache.catalina.core.ApplicationContext log
INFORMACIÓN: Closing Spring root WebApplicationContext
oct 29, 2015 11:19:56 AM org.apache.catalina.core.ApplicationContext log
INFORMACIÓN: SessionListener: contextDestroyed()
oct 29, 2015 11:19:56 AM org.apache.catalina.core.ApplicationContext log
INFORMACIÓN: ContextListener: contextDestroyed()
oct 29, 2015 11:20:03 AM org.apache.catalina.core.ApplicationContext log
INFORMACIÓN: No Spring WebApplicationInitializer types detected on classpath
oct 29, 2015 11:20:03 AM org.apache.catalina.core.ApplicationContext log
INFORMACIÓN: Initializing Spring root WebApplicationContext
oct 29, 2015 11:20:07 AM org.apache.catalina.core.ApplicationContext log
INFORMACIÓN: ContextListener: contextInitialized()
oct 29, 2015 11:20:07 AM org.apache.catalina.core.ApplicationContext log
INFORMACIÓN: SessionListener: contextInitialized()
oct 29, 2015 11:20:07 AM org.apache.catalina.core.ApplicationContext log
INFORMACIÓN: ContextListener: attributeAdded('org.apache.jasper.compiler.TldLocationsCache', 'org.apache.jasper.compiler.TldLocationsCache@28a5b51c')
oct 29, 2015 11:20:27 AM org.apache.catalina.core.ApplicationContext log
INFORMACIÓN: Initializing Spring FrameworkServlet 'dispatcher'
oct 29, 2015 11:44:26 AM org.apache.catalina.core.ApplicationContext log
INFORMACIÓN: Destroying Spring FrameworkServlet 'dispatcher'
oct 29, 2015 11:44:26 AM org.apache.catalina.core.ApplicationContext log
INFORMACIÓN: Closing Spring root WebApplicationContext
oct 29, 2015 11:44:26 AM org.apache.catalina.core.ApplicationContext log
INFORMACIÓN: SessionListener: contextDestroyed()
oct 29, 2015 11:44:26 AM org.apache.catalina.core.ApplicationContext log
INFORMACIÓN: ContextListener: contextDestroyed()
oct 29, 2015 2:14:47 PM org.apache.catalina.core.ApplicationContext log
INFORMACIÓN: No Spring WebApplicationInitializer types detected on classpath
oct 29, 2015 2:14:48 PM org.apache.catalina.core.ApplicationContext log
INFORMACIÓN: Initializing Spring root WebApplicationContext
oct 29, 2015 2:14:51 PM org.apache.catalina.core.ApplicationContext log
INFORMACIÓN: ContextListener: contextInitialized()
oct 29, 2015 2:14:51 PM org.apache.catalina.core.ApplicationContext log
INFORMACIÓN: SessionListener: contextInitialized()
oct 29, 2015 2:14:51 PM org.apache.catalina.core.ApplicationContext log
INFORMACIÓN: ContextListener: attributeAdded('org.apache.jasper.compiler.TldLocationsCache', 'org.apache.jasper.compiler.TldLocationsCache@da41cf2')
oct 29, 2015 2:16:12 PM org.apache.catalina.core.ApplicationContext log
INFORMACIÓN: Initializing Spring FrameworkServlet 'dispatcher'
oct 29, 2015 2:23:41 PM org.apache.catalina.core.ApplicationContext log
INFORMACIÓN: Destroying Spring FrameworkServlet 'dispatcher'
oct 29, 2015 2:23:42 PM org.apache.catalina.core.ApplicationContext log
INFORMACIÓN: Closing Spring root WebApplicationContext
oct 29, 2015 2:23:44 PM org.apache.catalina.core.ApplicationContext log
INFORMACIÓN: SessionListener: contextDestroyed()
oct 29, 2015 2:23:44 PM org.apache.catalina.core.ApplicationContext log
INFORMACIÓN: ContextListener: contextDestroyed()
oct 29, 2015 2:24:09 PM org.apache.catalina.core.ApplicationContext log
INFORMACIÓN: No Spring WebApplicationInitializer types detected on classpath
oct 29, 2015 2:24:09 PM org.apache.catalina.core.ApplicationContext log
INFORMACIÓN: Initializing Spring root WebApplicationContext
oct 29, 2015 2:24:13 PM org.apache.catalina.core.ApplicationContext log
INFORMACIÓN: ContextListener: contextInitialized()
oct 29, 2015 2:24:13 PM org.apache.catalina.core.ApplicationContext log
INFORMACIÓN: SessionListener: contextInitialized()
oct 29, 2015 2:24:13 PM org.apache.catalina.core.ApplicationContext log
INFORMACIÓN: ContextListener: attributeAdded('org.apache.jasper.compiler.TldLocationsCache', 'org.apache.jasper.compiler.TldLocationsCache@da41cf2')
oct 29, 2015 2:24:13 PM org.apache.catalina.core.ApplicationContext log
INFORMACIÓN: Initializing Spring FrameworkServlet 'dispatcher'
oct 29, 2015 2:27:00 PM org.apache.catalina.core.ApplicationContext log
INFORMACIÓN: Destroying Spring FrameworkServlet 'dispatcher'
oct 29, 2015 2:27:00 PM org.apache.catalina.core.ApplicationContext log
INFORMACIÓN: Closing Spring root WebApplicationContext
oct 29, 2015 2:27:00 PM org.apache.catalina.core.ApplicationContext log
INFORMACIÓN: SessionListener: contextDestroyed()
oct 29, 2015 2:27:00 PM org.apache.catalina.core.ApplicationContext log
INFORMACIÓN: ContextListener: contextDestroyed()
oct 29, 2015 2:28:09 PM org.apache.catalina.core.ApplicationContext log
INFORMACIÓN: No Spring WebApplicationInitializer types detected on classpath
oct 29, 2015 2:28:09 PM org.apache.catalina.core.ApplicationContext log
INFORMACIÓN: Initializing Spring root WebApplicationContext
oct 29, 2015 2:28:13 PM org.apache.catalina.core.ApplicationContext log
INFORMACIÓN: ContextListener: contextInitialized()
oct 29, 2015 2:28:13 PM org.apache.catalina.core.ApplicationContext log
INFORMACIÓN: SessionListener: contextInitialized()
oct 29, 2015 2:28:13 PM org.apache.catalina.core.ApplicationContext log
INFORMACIÓN: ContextListener: attributeAdded('org.apache.jasper.compiler.TldLocationsCache', 'org.apache.jasper.compiler.TldLocationsCache@10d5cf0f')
oct 29, 2015 2:28:17 PM org.apache.catalina.core.ApplicationContext log
INFORMACIÓN: Initializing Spring FrameworkServlet 'dispatcher'
oct 29, 2015 3:01:25 PM org.apache.catalina.core.ApplicationContext log
INFORMACIÓN: Destroying Spring FrameworkServlet 'dispatcher'
oct 29, 2015 3:01:25 PM org.apache.catalina.core.ApplicationContext log
INFORMACIÓN: Closing Spring root WebApplicationContext
oct 29, 2015 3:01:25 PM org.apache.catalina.core.ApplicationContext log
INFORMACIÓN: SessionListener: contextDestroyed()
oct 29, 2015 3:01:25 PM org.apache.catalina.core.ApplicationContext log
INFORMACIÓN: ContextListener: contextDestroyed()
oct 29, 2015 3:11:24 PM org.apache.catalina.core.ApplicationContext log
INFORMACIÓN: No Spring WebApplicationInitializer types detected on classpath
oct 29, 2015 3:11:24 PM org.apache.catalina.core.ApplicationContext log
INFORMACIÓN: Initializing Spring root WebApplicationContext
oct 29, 2015 3:11:28 PM org.apache.catalina.core.ApplicationContext log
INFORMACIÓN: ContextListener: contextInitialized()
oct 29, 2015 3:11:28 PM org.apache.catalina.core.ApplicationContext log
INFORMACIÓN: SessionListener: contextInitialized()
oct 29, 2015 3:11:28 PM org.apache.catalina.core.ApplicationContext log
INFORMACIÓN: ContextListener: attributeAdded('org.apache.jasper.compiler.TldLocationsCache', 'org.apache.jasper.compiler.TldLocationsCache@da41cf2')
oct 29, 2015 3:11:46 PM org.apache.catalina.core.ApplicationContext log
INFORMACIÓN: Initializing Spring FrameworkServlet 'dispatcher'
oct 29, 2015 3:13:59 PM org.apache.catalina.core.ApplicationContext log
INFORMACIÓN: Destroying Spring FrameworkServlet 'dispatcher'
oct 29, 2015 3:13:59 PM org.apache.catalina.core.ApplicationContext log
INFORMACIÓN: Closing Spring root WebApplicationContext
oct 29, 2015 3:13:59 PM org.apache.catalina.core.ApplicationContext log
INFORMACIÓN: SessionListener: contextDestroyed()
oct 29, 2015 3:13:59 PM org.apache.catalina.core.ApplicationContext log
INFORMACIÓN: ContextListener: contextDestroyed()
oct 29, 2015 3:14:25 PM org.apache.catalina.core.ApplicationContext log
INFORMACIÓN: No Spring WebApplicationInitializer types detected on classpath
oct 29, 2015 3:14:25 PM org.apache.catalina.core.ApplicationContext log
INFORMACIÓN: Initializing Spring root WebApplicationContext
oct 29, 2015 3:14:28 PM org.apache.catalina.core.ApplicationContext log
INFORMACIÓN: ContextListener: contextInitialized()
oct 29, 2015 3:14:28 PM org.apache.catalina.core.ApplicationContext log
INFORMACIÓN: SessionListener: contextInitialized()
oct 29, 2015 3:14:28 PM org.apache.catalina.core.ApplicationContext log
INFORMACIÓN: ContextListener: attributeAdded('org.apache.jasper.compiler.TldLocationsCache', 'org.apache.jasper.compiler.TldLocationsCache@30fe433')
oct 29, 2015 3:14:33 PM org.apache.catalina.core.ApplicationContext log
INFORMACIÓN: Initializing Spring FrameworkServlet 'dispatcher'
oct 29, 2015 3:57:09 PM org.apache.catalina.core.ApplicationContext log
INFORMACIÓN: Destroying Spring FrameworkServlet 'dispatcher'
oct 29, 2015 3:57:09 PM org.apache.catalina.core.ApplicationContext log
INFORMACIÓN: Closing Spring root WebApplicationContext
oct 29, 2015 3:57:09 PM org.apache.catalina.core.ApplicationContext log
INFORMACIÓN: SessionListener: contextDestroyed()
oct 29, 2015 3:57:09 PM org.apache.catalina.core.ApplicationContext log
INFORMACIÓN: ContextListener: contextDestroyed()
oct 29, 2015 3:59:35 PM org.apache.catalina.core.ApplicationContext log
INFORMACIÓN: No Spring WebApplicationInitializer types detected on classpath
oct 29, 2015 3:59:35 PM org.apache.catalina.core.ApplicationContext log
INFORMACIÓN: Initializing Spring root WebApplicationContext
oct 29, 2015 3:59:39 PM org.apache.catalina.core.ApplicationContext log
INFORMACIÓN: ContextListener: contextInitialized()
oct 29, 2015 3:59:39 PM org.apache.catalina.core.ApplicationContext log
INFORMACIÓN: SessionListener: contextInitialized()
oct 29, 2015 3:59:39 PM org.apache.catalina.core.ApplicationContext log
INFORMACIÓN: ContextListener: attributeAdded('org.apache.jasper.compiler.TldLocationsCache', 'org.apache.jasper.compiler.TldLocationsCache@da41cf2')
oct 29, 2015 3:59:39 PM org.apache.catalina.core.ApplicationContext log
INFORMACIÓN: Initializing Spring FrameworkServlet 'dispatcher'
oct 29, 2015 4:07:11 PM org.apache.catalina.core.ApplicationContext log
INFORMACIÓN: Destroying Spring FrameworkServlet 'dispatcher'
oct 29, 2015 4:07:11 PM org.apache.catalina.core.ApplicationContext log
INFORMACIÓN: Closing Spring root WebApplicationContext
oct 29, 2015 4:07:11 PM org.apache.catalina.core.ApplicationContext log
INFORMACIÓN: SessionListener: contextDestroyed()
oct 29, 2015 4:07:11 PM org.apache.catalina.core.ApplicationContext log
INFORMACIÓN: ContextListener: contextDestroyed()
oct 29, 2015 4:07:53 PM org.apache.catalina.core.ApplicationContext log
INFORMACIÓN: No Spring WebApplicationInitializer types detected on classpath
oct 29, 2015 4:07:53 PM org.apache.catalina.core.ApplicationContext log
INFORMACIÓN: Initializing Spring root WebApplicationContext
oct 29, 2015 4:07:57 PM org.apache.catalina.core.ApplicationContext log
INFORMACIÓN: ContextListener: contextInitialized()
oct 29, 2015 4:07:57 PM org.apache.catalina.core.ApplicationContext log
INFORMACIÓN: SessionListener: contextInitialized()
oct 29, 2015 4:07:57 PM org.apache.catalina.core.ApplicationContext log
INFORMACIÓN: ContextListener: attributeAdded('org.apache.jasper.compiler.TldLocationsCache', 'org.apache.jasper.compiler.TldLocationsCache@30fe433')
oct 29, 2015 4:08:04 PM org.apache.catalina.core.ApplicationContext log
INFORMACIÓN: Initializing Spring FrameworkServlet 'dispatcher'
oct 29, 2015 4:10:59 PM org.apache.catalina.core.ApplicationContext log
INFORMACIÓN: Destroying Spring FrameworkServlet 'dispatcher'
oct 29, 2015 4:10:59 PM org.apache.catalina.core.ApplicationContext log
INFORMACIÓN: Closing Spring root WebApplicationContext
oct 29, 2015 4:10:59 PM org.apache.catalina.core.ApplicationContext log
INFORMACIÓN: SessionListener: contextDestroyed()
oct 29, 2015 4:10:59 PM org.apache.catalina.core.ApplicationContext log
INFORMACIÓN: ContextListener: contextDestroyed()
oct 29, 2015 4:11:40 PM org.apache.catalina.core.ApplicationContext log
INFORMACIÓN: No Spring WebApplicationInitializer types detected on classpath
oct 29, 2015 4:11:40 PM org.apache.catalina.core.ApplicationContext log
INFORMACIÓN: Initializing Spring root WebApplicationContext
oct 29, 2015 4:11:43 PM org.apache.catalina.core.ApplicationContext log
INFORMACIÓN: ContextListener: contextInitialized()
oct 29, 2015 4:11:43 PM org.apache.catalina.core.ApplicationContext log
INFORMACIÓN: SessionListener: contextInitialized()
oct 29, 2015 4:11:43 PM org.apache.catalina.core.ApplicationContext log
INFORMACIÓN: ContextListener: attributeAdded('org.apache.jasper.compiler.TldLocationsCache', 'org.apache.jasper.compiler.TldLocationsCache@da41cf2')
oct 29, 2015 4:11:44 PM org.apache.catalina.core.ApplicationContext log
INFORMACIÓN: Initializing Spring FrameworkServlet 'dispatcher'
oct 29, 2015 5:30:57 PM org.apache.catalina.core.ApplicationContext log
INFORMACIÓN: Destroying Spring FrameworkServlet 'dispatcher'
oct 29, 2015 5:30:57 PM org.apache.catalina.core.ApplicationContext log
INFORMACIÓN: Closing Spring root WebApplicationContext
oct 29, 2015 5:30:57 PM org.apache.catalina.core.ApplicationContext log
INFORMACIÓN: SessionListener: contextDestroyed()
oct 29, 2015 5:30:57 PM org.apache.catalina.core.ApplicationContext log
INFORMACIÓN: ContextListener: contextDestroyed()
oct 29, 2015 5:31:37 PM org.apache.catalina.core.ApplicationContext log
INFORMACIÓN: No Spring WebApplicationInitializer types detected on classpath
oct 29, 2015 5:31:38 PM org.apache.catalina.core.ApplicationContext log
INFORMACIÓN: Initializing Spring root WebApplicationContext
oct 29, 2015 5:31:42 PM org.apache.catalina.core.ApplicationContext log
INFORMACIÓN: ContextListener: contextInitialized()
oct 29, 2015 5:31:42 PM org.apache.catalina.core.ApplicationContext log
INFORMACIÓN: SessionListener: contextInitialized()
oct 29, 2015 5:31:42 PM org.apache.catalina.core.ApplicationContext log
INFORMACIÓN: ContextListener: attributeAdded('org.apache.jasper.compiler.TldLocationsCache', 'org.apache.jasper.compiler.TldLocationsCache@da41cf2')
oct 29, 2015 5:54:13 PM org.apache.catalina.core.ApplicationContext log
INFORMACIÓN: Closing Spring root WebApplicationContext
oct 29, 2015 5:54:13 PM org.apache.catalina.core.ApplicationContext log
INFORMACIÓN: SessionListener: contextDestroyed()
oct 29, 2015 5:54:13 PM org.apache.catalina.core.ApplicationContext log
INFORMACIÓN: ContextListener: contextDestroyed()
oct 29, 2015 5:55:32 PM org.apache.catalina.core.ApplicationContext log
INFORMACIÓN: No Spring WebApplicationInitializer types detected on classpath
oct 29, 2015 5:55:32 PM org.apache.catalina.core.ApplicationContext log
INFORMACIÓN: Initializing Spring root WebApplicationContext
oct 29, 2015 5:55:35 PM org.apache.catalina.core.ApplicationContext log
INFORMACIÓN: ContextListener: contextInitialized()
oct 29, 2015 5:55:35 PM org.apache.catalina.core.ApplicationContext log
INFORMACIÓN: SessionListener: contextInitialized()
oct 29, 2015 5:55:35 PM org.apache.catalina.core.ApplicationContext log
INFORMACIÓN: ContextListener: attributeAdded('org.apache.jasper.compiler.TldLocationsCache', 'org.apache.jasper.compiler.TldLocationsCache@30fe433')
oct 29, 2015 5:55:46 PM org.apache.catalina.core.ApplicationContext log
INFORMACIÓN: Initializing Spring FrameworkServlet 'dispatcher'
oct 29, 2015 5:58:55 PM org.apache.catalina.core.ApplicationContext log
INFORMACIÓN: No Spring WebApplicationInitializer types detected on classpath
oct 29, 2015 5:58:55 PM org.apache.catalina.core.ApplicationContext log
INFORMACIÓN: Initializing Spring root WebApplicationContext
oct 29, 2015 5:59:00 PM org.apache.catalina.core.ApplicationContext log
INFORMACIÓN: Destroying Spring FrameworkServlet 'dispatcher'
oct 29, 2015 5:59:00 PM org.apache.catalina.core.ApplicationContext log
INFORMACIÓN: Closing Spring root WebApplicationContext
oct 29, 2015 5:59:00 PM org.apache.catalina.core.ApplicationContext log
INFORMACIÓN: SessionListener: contextDestroyed()
oct 29, 2015 5:59:00 PM org.apache.catalina.core.ApplicationContext log
INFORMACIÓN: ContextListener: contextDestroyed()
oct 29, 2015 5:59:22 PM org.apache.catalina.core.ApplicationContext log
INFORMACIÓN: No Spring WebApplicationInitializer types detected on classpath
oct 29, 2015 5:59:22 PM org.apache.catalina.core.ApplicationContext log
INFORMACIÓN: Initializing Spring root WebApplicationContext
oct 29, 2015 5:59:25 PM org.apache.catalina.core.ApplicationContext log
INFORMACIÓN: ContextListener: contextInitialized()
oct 29, 2015 5:59:25 PM org.apache.catalina.core.ApplicationContext log
INFORMACIÓN: SessionListener: contextInitialized()
oct 29, 2015 5:59:25 PM org.apache.catalina.core.ApplicationContext log
INFORMACIÓN: ContextListener: attributeAdded('org.apache.jasper.compiler.TldLocationsCache', 'org.apache.jasper.compiler.TldLocationsCache@da41cf2')
oct 29, 2015 5:59:30 PM org.apache.catalina.core.ApplicationContext log
INFORMACIÓN: Initializing Spring FrameworkServlet 'dispatcher'
oct 29, 2015 6:13:34 PM org.apache.catalina.core.ApplicationContext log
INFORMACIÓN: Destroying Spring FrameworkServlet 'dispatcher'
oct 29, 2015 6:13:34 PM org.apache.catalina.core.ApplicationContext log
INFORMACIÓN: Closing Spring root WebApplicationContext
oct 29, 2015 6:13:34 PM org.apache.catalina.core.ApplicationContext log
INFORMACIÓN: SessionListener: contextDestroyed()
oct 29, 2015 6:13:34 PM org.apache.catalina.core.ApplicationContext log
INFORMACIÓN: ContextListener: contextDestroyed()
oct 29, 2015 6:14:04 PM org.apache.catalina.core.ApplicationContext log
INFORMACIÓN: No Spring WebApplicationInitializer types detected on classpath
oct 29, 2015 6:14:04 PM org.apache.catalina.core.ApplicationContext log
INFORMACIÓN: Initializing Spring root WebApplicationContext
oct 29, 2015 6:14:07 PM org.apache.catalina.core.ApplicationContext log
INFORMACIÓN: ContextListener: contextInitialized()
oct 29, 2015 6:14:07 PM org.apache.catalina.core.ApplicationContext log
INFORMACIÓN: SessionListener: contextInitialized()
oct 29, 2015 6:14:07 PM org.apache.catalina.core.ApplicationContext log
INFORMACIÓN: ContextListener: attributeAdded('org.apache.jasper.compiler.TldLocationsCache', 'org.apache.jasper.compiler.TldLocationsCache@da41cf2')
oct 29, 2015 6:14:26 PM org.apache.catalina.core.ApplicationContext log
INFORMACIÓN: Initializing Spring FrameworkServlet 'dispatcher'
oct 29, 2015 7:21:02 PM org.apache.catalina.core.ApplicationContext log
INFORMACIÓN: Destroying Spring FrameworkServlet 'dispatcher'
oct 29, 2015 7:21:02 PM org.apache.catalina.core.ApplicationContext log
INFORMACIÓN: Closing Spring root WebApplicationContext
oct 29, 2015 7:21:02 PM org.apache.catalina.core.ApplicationContext log
INFORMACIÓN: SessionListener: contextDestroyed()
oct 29, 2015 7:21:02 PM org.apache.catalina.core.ApplicationContext log
INFORMACIÓN: ContextListener: contextDestroyed()
oct 29, 2015 7:26:40 PM org.apache.catalina.core.ApplicationContext log
INFORMACIÓN: No Spring WebApplicationInitializer types detected on classpath
oct 29, 2015 7:26:40 PM org.apache.catalina.core.ApplicationContext log
INFORMACIÓN: Initializing Spring root WebApplicationContext
oct 29, 2015 7:26:44 PM org.apache.catalina.core.ApplicationContext log
INFORMACIÓN: ContextListener: contextInitialized()
oct 29, 2015 7:26:44 PM org.apache.catalina.core.ApplicationContext log
INFORMACIÓN: SessionListener: contextInitialized()
oct 29, 2015 7:26:44 PM org.apache.catalina.core.ApplicationContext log
INFORMACIÓN: ContextListener: attributeAdded('org.apache.jasper.compiler.TldLocationsCache', 'org.apache.jasper.compiler.TldLocationsCache@75c42ddb')
oct 29, 2015 7:26:47 PM org.apache.catalina.core.ApplicationContext log
INFORMACIÓN: Initializing Spring FrameworkServlet 'dispatcher'
oct 29, 2015 8:38:46 PM org.apache.catalina.core.ApplicationContext log
INFORMACIÓN: No Spring WebApplicationInitializer types detected on classpath
oct 29, 2015 8:38:46 PM org.apache.catalina.core.ApplicationContext log
INFORMACIÓN: Initializing Spring root WebApplicationContext
oct 29, 2015 8:38:50 PM org.apache.catalina.core.ApplicationContext log
INFORMACIÓN: ContextListener: contextInitialized()
oct 29, 2015 8:38:50 PM org.apache.catalina.core.ApplicationContext log
INFORMACIÓN: SessionListener: contextInitialized()
oct 29, 2015 8:38:50 PM org.apache.catalina.core.ApplicationContext log
INFORMACIÓN: ContextListener: attributeAdded('org.apache.jasper.compiler.TldLocationsCache', 'org.apache.jasper.compiler.TldLocationsCache@30aa2b17')
oct 29, 2015 8:39:04 PM org.apache.catalina.core.ApplicationContext log
INFORMACIÓN: Initializing Spring FrameworkServlet 'dispatcher'
oct 29, 2015 8:56:00 PM org.apache.catalina.core.ApplicationContext log
INFORMACIÓN: Destroying Spring FrameworkServlet 'dispatcher'
oct 29, 2015 8:56:00 PM org.apache.catalina.core.ApplicationContext log
INFORMACIÓN: Closing Spring root WebApplicationContext
oct 29, 2015 8:56:01 PM org.apache.catalina.core.ApplicationContext log
INFORMACIÓN: SessionListener: contextDestroyed()
oct 29, 2015 8:56:01 PM org.apache.catalina.core.ApplicationContext log
INFORMACIÓN: ContextListener: contextDestroyed()
