oct 30, 2015 5:47:21 AM org.apache.catalina.core.ApplicationContext log
INFORMACIÓN: No Spring WebApplicationInitializer types detected on classpath
oct 30, 2015 5:47:21 AM org.apache.catalina.core.ApplicationContext log
INFORMACIÓN: Initializing Spring root WebApplicationContext
oct 30, 2015 5:47:25 AM org.apache.catalina.core.ApplicationContext log
INFORMACIÓN: ContextListener: contextInitialized()
oct 30, 2015 5:47:25 AM org.apache.catalina.core.ApplicationContext log
INFORMACIÓN: SessionListener: contextInitialized()
oct 30, 2015 5:47:25 AM org.apache.catalina.core.ApplicationContext log
INFORMACIÓN: ContextListener: attributeAdded('org.apache.jasper.compiler.TldLocationsCache', 'org.apache.jasper.compiler.TldLocationsCache@1f7a926f')
oct 30, 2015 5:47:39 AM org.apache.catalina.core.ApplicationContext log
INFORMACIÓN: Initializing Spring FrameworkServlet 'dispatcher'
oct 30, 2015 6:06:51 AM org.apache.catalina.core.ApplicationContext log
INFORMACIÓN: Destroying Spring FrameworkServlet 'dispatcher'
oct 30, 2015 6:06:51 AM org.apache.catalina.core.ApplicationContext log
INFORMACIÓN: Closing Spring root WebApplicationContext
oct 30, 2015 6:06:51 AM org.apache.catalina.core.ApplicationContext log
INFORMACIÓN: SessionListener: contextDestroyed()
oct 30, 2015 6:06:51 AM org.apache.catalina.core.ApplicationContext log
INFORMACIÓN: ContextListener: contextDestroyed()
